0 info it worked if it ends with ok
1 verbose cli [ '/usr/local/bin/node', '/usr/local/bin/npm', 'run', 'build' ]
2 info using npm@3.10.8
3 info using node@v6.8.1
4 verbose run-script [ 'prebuild', 'build', 'postbuild' ]
5 info lifecycle mysite@1.0.0~prebuild: mysite@1.0.0
6 silly lifecycle mysite@1.0.0~prebuild: no script for prebuild, continuing
7 info lifecycle mysite@1.0.0~build: mysite@1.0.0
8 verbose lifecycle mysite@1.0.0~build: unsafe-perm in lifecycle true
9 verbose lifecycle mysite@1.0.0~build: PATH: /usr/local/lib/node_modules/npm/bin/node-gyp-bin:/Users/sklaus/Downloads/metalsmith-example-part2/node_modules/.bin:/Users/sklaus/Downloads/metalsmith-example-part2/node_modules/.bin:/Users/sklaus/.config/yarn/link/node_modules/.bin:/Users/sklaus/Downloads/metalsmith-example-part2/node_modules/.bin:/Users/sklaus/.config/yarn/link/node_modules/.bin:/usr/local/lib/node_modules/yarn/bin/node-gyp-bin:/Users/sklaus/.rvm/gems/ruby-2.1.2/bin:/Users/sklaus/.rvm/gems/ruby-2.1.2@global/bin:/Users/sklaus/.rvm/rubies/ruby-2.1.2/bin:/usr/local/bin:/opt/subversion/bin:/usr/bin:/opt/local/bin:/opt/local/sbin:/usr/local/bin:/usr/bin:/bin:/usr/sbin:/sbin:/Users/sklaus/.rvm/bin
10 verbose lifecycle mysite@1.0.0~build: CWD: /Users/sklaus/Downloads/metalsmith-example-part2
11 silly lifecycle mysite@1.0.0~build: Args: [ '-c', 'node app/build.js' ]
12 silly lifecycle mysite@1.0.0~build: Returned: code: 1  signal: null
13 info lifecycle mysite@1.0.0~build: Failed to exec build script
14 verbose stack Error: mysite@1.0.0 build: `node app/build.js`
14 verbose stack Exit status 1
14 verbose stack     at EventEmitter.<anonymous> (/usr/local/lib/node_modules/npm/lib/utils/lifecycle.js:255:16)
14 verbose stack     at emitTwo (events.js:106:13)
14 verbose stack     at EventEmitter.emit (events.js:191:7)
14 verbose stack     at ChildProcess.<anonymous> (/usr/local/lib/node_modules/npm/lib/utils/spawn.js:40:14)
14 verbose stack     at emitTwo (events.js:106:13)
14 verbose stack     at ChildProcess.emit (events.js:191:7)
14 verbose stack     at maybeClose (internal/child_process.js:877:16)
14 verbose stack     at Process.ChildProcess._handle.onexit (internal/child_process.js:226:5)
15 verbose pkgid mysite@1.0.0
16 verbose cwd /Users/sklaus/Downloads/metalsmith-example-part2
17 error Darwin 16.0.0
18 error argv "/usr/local/bin/node" "/usr/local/bin/npm" "run" "build"
19 error node v6.8.1
20 error npm  v3.10.8
21 error code ELIFECYCLE
22 error mysite@1.0.0 build: `node app/build.js`
22 error Exit status 1
23 error Failed at the mysite@1.0.0 build script 'node app/build.js'.
23 error Make sure you have the latest version of node.js and npm installed.
23 error If you do, this is most likely a problem with the mysite package,
23 error not with npm itself.
23 error Tell the author that this fails on your system:
23 error     node app/build.js
23 error You can get information on how to open an issue for this project with:
23 error     npm bugs mysite
23 error Or if that isn't available, you can get their info via:
23 error     npm owner ls mysite
23 error There is likely additional logging output above.
24 verbose exit [ 1, true ]
